<?xml version="1.0" encoding="UTF-8"?>
<testsuite xmlns:xsi="http://www.w3.org/2001/XMLSchema-instance" xsi:noNamespaceSchemaLocation="https://maven.apache.org/surefire/maven-surefire-plugin/xsd/surefire-test-report.xsd" version="3.0.2" name="com.zhang.UserServiceTest" time="0.066" tests="5" errors="0" skipped="0" failures="0">
  <properties>
[...]
</properties>
  <testcase name="testException" classname="com.zhang.UserServiceTest" time="0.018"/>
  <testcase name="testgetAge" classname="com.zhang.UserServiceTest" time="0.004">
    <system-out><![CDATA[24
]]></system-out>
  </testcase>
  <testcase name="testgetGende1" classname="com.zhang.UserServiceTest" time="0.001">
    <system-out><![CDATA[女
]]></system-out>
  </testcase>
  <testcase name="testgetGende2(String)[1]" classname="com.zhang.UserServiceTest" time="0.01">
    <system-out><![CDATA[女
]]></system-out>
  </testcase>
  <testcase name="testgetGende2(String)[2]" classname="com.zhang.UserServiceTest" time="0.001">
    <system-out><![CDATA[女
]]></system-out>
  </testcase>
</testsuite>